
=== Sun Jan 20 12:09:46 2019

Packages were changed.
Update Mode: mergeDefaultDependencies

The following packages were updated:
  com.unity.collab-proxy from version 1.2.9 to 1.2.15
  com.unity.package-manager-ui from version 0.0.0-builtin to 2.1.1
  com.unity.timeline from version 0.0.0-builtin to 1.0.0

=== Sat Jan 26 16:31:41 2019

Packages were changed.
Update Mode: resetToDefaultDependencies

The following packages were added:
  com.unity.analytics@3.2.2
  com.unity.purchasing@2.0.1
  com.unity.collab-proxy@1.2.15
The following packages were removed:
  com.unity.cinemachine@2.3.3
  com.unity.inputsystem@0.1.2-preview
  com.unity.postprocessing@2.1.2
  com.unity.xr.legacyinputhelpers@1.0.0

=== Sat Jan 26 17:02:49 2019

Packages were changed.
Update Mode: updateDependencies

The following packages were added:
  com.unity.xr.legacyinputhelpers@1.0.0
